<?xml version="1.0" encoding="UTF-8" standalone="yes"?><!DOCTYPE report PUBLIC "-//JACOCO//DTD Report 1.0//EN" "report.dtd"><report name="GreenVulcano VCL File Plugin"><sessioninfo id="greenvulcano-HP-Notebook-d032d3e5" start="1492685120211" dump="1492685139448"/><package name="it/greenvulcano/gvesb/virtual/file/writer"><class name="it/greenvulcano/gvesb/virtual/file/writer/FileWriter"><method name="&lt;init&gt;" desc="()V" line="52"><counter type="INSTRUCTION" missed="0" covered="21"/><counter type="LINE" missed="0" covered="7"/><counter type="COMPLEXITY" missed="0" covered="1"/><counter type="METHOD" missed="0" covered="1"/></method><method name="init" desc="(Lorg/w3c/dom/Node;)V" line="104"><counter type="INSTRUCTION" missed="87" covered="77"/><counter type="BRANCH" missed="5" covered="1"/><counter type="LINE" missed="10" covered="12"/><counter type="COMPLEXITY" missed="3" covered="1"/><counter type="METHOD" missed="0" covered="1"/></method><method name="perform" desc="(Lit/greenvulcano/gvesb/buffer/GVBuffer;)Lit/greenvulcano/gvesb/buffer/GVBuffer;" line="148"><counter type="INSTRUCTION" missed="119" covered="45"/><counter type="BRANCH" missed="9" covered="5"/><counter type="LINE" missed="11" covered="9"/><counter type="COMPLEXITY" missed="7" covered="1"/><counter type="METHOD" missed="0" covered="1"/></method><method name="cleanUp" desc="()V" line="192"><counter type="INSTRUCTION" missed="1" covered="0"/><counter type="LINE" missed="1" covered="0"/><counter type="COMPLEXITY" missed="1" covered="0"/><counter type="METHOD" missed="1" covered="0"/></method><method name="destroy" desc="()V" line="203"><counter type="INSTRUCTION" missed="1" covered="0"/><counter type="LINE" missed="1" covered="0"/><counter type="COMPLEXITY" missed="1" covered="0"/><counter type="METHOD" missed="1" covered="0"/></method><method name="setKey" desc="(Lit/greenvulcano/gvesb/virtual/OperationKey;)V" line="216"><counter type="INSTRUCTION" missed="4" covered="0"/><counter type="LINE" missed="2" covered="0"/><counter type="COMPLEXITY" missed="1" covered="0"/><counter type="METHOD" missed="1" covered="0"/></method><method name="getKey" desc="()Lit/greenvulcano/gvesb/virtual/OperationKey;" line="230"><counter type="INSTRUCTION" missed="3" covered="0"/><counter type="LINE" missed="1" covered="0"/><counter type="COMPLEXITY" missed="1" covered="0"/><counter type="METHOD" missed="1" covered="0"/></method><method name="getServiceAlias" desc="(Lit/greenvulcano/gvesb/buffer/GVBuffer;)Ljava/lang/String;" line="246"><counter type="INSTRUCTION" missed="3" covered="0"/><counter type="LINE" missed="1" covered="0"/><counter type="COMPLEXITY" missed="1" covered="0"/><counter type="METHOD" missed="1" covered="0"/></method><method name="buildTargetPathname" desc="(Lit/greenvulcano/gvesb/buffer/GVBuffer;)Ljava/io/File;" line="252"><counter type="INSTRUCTION" missed="50" covered="58"/><counter type="BRANCH" missed="10" covered="6"/><counter type="LINE" missed="4" covered="17"/><counter type="COMPLEXITY" missed="8" covered="1"/><counter type="METHOD" missed="0" covered="1"/></method><method name="&lt;clinit&gt;" desc="()V" line="55"><counter type="INSTRUCTION" missed="0" covered="4"/><counter type="LINE" missed="0" covered="1"/><counter type="COMPLEXITY" missed="0" covered="1"/><counter type="METHOD" missed="0" covered="1"/></method><counter type="INSTRUCTION" missed="268" covered="205"/><counter type="BRANCH" missed="24" covered="12"/><counter type="LINE" missed="31" covered="46"/><counter type="COMPLEXITY" missed="23" covered="5"/><counter type="METHOD" missed="5" covered="5"/><counter type="CLASS" missed="0" covered="1"/></class><sourcefile name="FileWriter.java"><line nr="52" mi="0" ci="2" mb="0" cb="0"/><line nr="55" mi="0" ci="4" mb="0" cb="0"/><line nr="60" mi="0" ci="3" mb="0" cb="0"/><line nr="66" mi="0" ci="3" mb="0" cb="0"/><line nr="72" mi="0" ci="3" mb="0" cb="0"/><line nr="77" mi="0" ci="3" mb="0" cb="0"/><line nr="82" mi="0" ci="3" mb="0" cb="0"/><line nr="87" mi="0" ci="4" mb="0" cb="0"/><line nr="104" mi="0" ci="5" mb="0" cb="0"/><line nr="105" mi="0" ci="5" mb="0" cb="0"/><line nr="106" mi="0" ci="5" mb="0" cb="0"/><line nr="107" mi="0" ci="6" mb="0" cb="0"/><line nr="108" mi="0" ci="5" mb="0" cb="0"/><line nr="110" mi="0" ci="11" mb="0" cb="0"/><line nr="111" mi="0" ci="11" mb="0" cb="0"/><line nr="112" mi="0" ci="11" mb="0" cb="0"/><line nr="113" mi="2" ci="3" mb="3" cb="1"/><line nr="114" mi="10" ci="0" mb="0" cb="0"/><line nr="115" mi="4" ci="0" mb="0" cb="0"/><line nr="116" mi="3" ci="0" mb="2" cb="0"/><line nr="117" mi="14" ci="0" mb="0" cb="0"/><line nr="121" mi="0" ci="13" mb="0" cb="0"/><line nr="123" mi="1" ci="0" mb="0" cb="0"/><line nr="124" mi="4" ci="0" mb="0" cb="0"/><line nr="125" mi="22" ci="0" mb="0" cb="0"/><line nr="128" mi="1" ci="0" mb="0" cb="0"/><line nr="129" mi="4" ci="0" mb="0" cb="0"/><line nr="130" mi="22" ci="0" mb="0" cb="0"/><line nr="132" mi="0" ci="1" mb="0" cb="0"/><line nr="133" mi="0" ci="1" mb="0" cb="0"/><line nr="148" mi="0" ci="4" mb="0" cb="0"/><line nr="150" mi="2" ci="18" mb="1" cb="1"/><line nr="151" mi="0" ci="3" mb="0" cb="0"/><line nr="152" mi="0" ci="2" mb="1" cb="1"/><line nr="153" mi="5" ci="0" mb="0" cb="0"/><line nr="155" mi="0" ci="3" mb="1" cb="1"/><line nr="156" mi="8" ci="0" mb="0" cb="0"/><line nr="158" mi="0" ci="3" mb="1" cb="1"/><line nr="159" mi="0" ci="7" mb="0" cb="0"/><line nr="161" mi="3" ci="0" mb="2" cb="0"/><line nr="162" mi="8" ci="0" mb="0" cb="0"/><line nr="165" mi="14" ci="0" mb="0" cb="0"/><line nr="168" mi="3" ci="3" mb="3" cb="1"/><line nr="169" mi="6" ci="0" mb="0" cb="0"/><line nr="172" mi="0" ci="2" mb="0" cb="0"/><line nr="174" mi="1" ci="0" mb="0" cb="0"/><line nr="175" mi="4" ci="0" mb="0" cb="0"/><line nr="176" mi="30" ci="0" mb="0" cb="0"/><line nr="177" mi="29" ci="0" mb="0" cb="0"/><line nr="178" mi="6" ci="0" mb="0" cb="0"/><line nr="192" mi="1" ci="0" mb="0" cb="0"/><line nr="203" mi="1" ci="0" mb="0" cb="0"/><line nr="216" mi="3" ci="0" mb="0" cb="0"/><line nr="217" mi="1" ci="0" mb="0" cb="0"/><line nr="230" mi="3" ci="0" mb="0" cb="0"/><line nr="246" mi="3" ci="0" mb="0" cb="0"/><line nr="252" mi="0" ci="1" mb="0" cb="0"/><line nr="253" mi="0" ci="4" mb="0" cb="0"/><line nr="255" mi="0" ci="4" mb="0" cb="0"/><line nr="256" mi="0" ci="2" mb="1" cb="1"/><line nr="257" mi="0" ci="3" mb="1" cb="1"/><line nr="258" mi="0" ci="4" mb="0" cb="0"/><line nr="261" mi="5" ci="0" mb="0" cb="0"/><line nr="266" mi="0" ci="5" mb="0" cb="0"/><line nr="268" mi="0" ci="4" mb="0" cb="0"/><line nr="269" mi="0" ci="2" mb="1" cb="1"/><line nr="270" mi="0" ci="3" mb="1" cb="1"/><line nr="271" mi="0" ci="4" mb="0" cb="0"/><line nr="274" mi="5" ci="0" mb="0" cb="0"/><line nr="278" mi="0" ci="5" mb="0" cb="0"/><line nr="280" mi="0" ci="6" mb="0" cb="0"/><line nr="281" mi="0" ci="3" mb="1" cb="1"/><line nr="282" mi="6" ci="3" mb="5" cb="1"/><line nr="283" mi="0" ci="4" mb="0" cb="0"/><line nr="285" mi="15" ci="0" mb="0" cb="0"/><line nr="287" mi="15" ci="0" mb="0" cb="0"/><line nr="290" mi="4" ci="1" mb="0" cb="0"/><counter type="INSTRUCTION" missed="268" covered="205"/><counter type="BRANCH" missed="24" covered="12"/><counter type="LINE" missed="31" covered="46"/><counter type="COMPLEXITY" missed="23" covered="5"/><counter type="METHOD" missed="5" covered="5"/><counter type="CLASS" missed="0" covered="1"/></sourcefile><counter type="INSTRUCTION" missed="268" covered="205"/><counter type="BRANCH" missed="24" covered="12"/><counter type="LINE" missed="31" covered="46"/><counter type="COMPLEXITY" missed="23" covered="5"/><counter type="METHOD" missed="5" covered="5"/><counter type="CLASS" missed="0" covered="1"/></package><package name="it/greenvulcano/gvesb/virtual/file/remote/command"><class name="it/greenvulcano/gvesb/virtual/file/remote/command/GVMove"><method name="&lt;init&gt;" desc="()V" line="67"><counter type="INSTRUCTION" missed="8" covered="0"/><counter type="LINE" missed="3" covered="0"/><counter type="COMPLEXITY" missed="1" covered="0"/><counter type="METHOD" missed="1" covered="0"/></method><method name="init" desc="(Lorg/w3c/dom/Node;)V" line="91"><counter type="INSTRUCTION" missed="55" covered="0"/><counter type="BRANCH" missed="4" covered="0"/><counter type="LINE" missed="11" covered="0"/><counter type="COMPLEXITY" missed="3" covered="0"/><counter type="METHOD" missed="1" covered="0"/></method><method name="toString" desc="()Ljava/lang/String;" line="116"><counter type="INSTRUCTION" missed="27" covered="0"/><counter type="BRANCH" missed="2" covered="0"/><counter type="LINE" missed="1" covered="0"/><counter type="COMPLEXITY" missed="2" covered="0"/><counter type="METHOD" missed="1" covered="0"/></method><method name="execute" desc="(Lit/greenvulcano/util/remotefs/RemoteManager;Lit/greenvulcano/gvesb/buffer/GVBuffer;)V" line="141"><counter type="INSTRUCTION" missed="86" covered="0"/><counter type="BRANCH" missed="4" covered="0"/><counter type="LINE" missed="15" covered="0"/><counter type="COMPLEXITY" missed="3" covered="0"/><counter type="METHOD" missed="1" covered="0"/></method><method name="isCritical" desc="()Z" line="172"><counter type="INSTRUCTION" missed="3" covered="0"/><counter type="LINE" missed="1" covered="0"/><counter type="COMPLEXITY" missed="1" covered="0"/><counter type="METHOD" missed="1" covered="0"/></method><method name="&lt;clinit&gt;" desc="()V" line="46"><counter type="INSTRUCTION" missed="4" covered="0"/><counter type="LINE" missed="1" covered="0"/><counter type="COMPLEXITY" missed="1" covered="0"/><counter type="METHOD" missed="1" covered="0"/></method><counter type="INSTRUCTION" missed="183" covered="0"/><counter type="BRANCH" missed="10" covered="0"/><counter type="LINE" missed="32" covered="0"/><counter type="COMPLEXITY" missed="11" covered="0"/><counter type="METHOD" missed="6" covered="0"/><counter type="CLASS" missed="1" covered="0"/></class><class name="it/greenvulcano/gvesb/virtual/file/remote/command/GVUpload"><method name="&lt;init&gt;" desc="()V" line="75"><counter type="INSTRUCTION" missed="0" covered="8"/><counter type="LINE" missed="0" covered="3"/><counter type="COMPLEXITY" missed="0" covered="1"/><counter type="METHOD" missed="0" covered="1"/></method><method name="init" desc="(Lorg/w3c/dom/Node;)V" line="100"><counter type="INSTRUCTION" missed="21" covered="39"/><counter type="BRANCH" missed="2" covered="2"/><counter type="LINE" missed="3" covered="9"/><counter type="COMPLEXITY" missed="2" covered="1"/><counter type="METHOD" missed="0" covered="1"/></method><method name="toString" desc="()Ljava/lang/String;" line="126"><counter type="INSTRUCTION" missed="2" covered="50"/><counter type="BRANCH" missed="2" covered="4"/><counter type="LINE" missed="0" covered="3"/><counter type="COMPLEXITY" missed="2" covered="2"/><counter type="METHOD" missed="0" covered="1"/></method><method name="execute" desc="(Lit/greenvulcano/util/remotefs/RemoteManager;Lit/greenvulcano/gvesb/buffer/GVBuffer;)V" line="155"><counter type="INSTRUCTION" missed="21" covered="103"/><counter type="BRANCH" missed="3" covered="5"/><counter type="LINE" missed="2" covered="21"/><counter type="COMPLEXITY" missed="3" covered="2"/><counter type="METHOD" missed="0" covered="1"/></method><method name="isCritical" desc="()Z" line="195"><counter type="INSTRUCTION" missed="3" covered="0"/><counter type="LINE" missed="1" covered="0"/><counter type="COMPLEXITY" missed="1" covered="0"/><counter type="METHOD" missed="1" covered="0"/></method><method name="&lt;clinit&gt;" desc="()V" line="50"><counter type="INSTRUCTION" missed="0" covered="4"/><counter type="LINE" missed="0" covered="1"/><counter type="COMPLEXITY" missed="0" covered="1"/><counter type="METHOD" missed="0" covered="1"/></method><counter type="INSTRUCTION" missed="47" covered="204"/><counter type="BRANCH" missed="7" covered="11"/><counter type="LINE" missed="6" covered="37"/><counter type="COMPLEXITY" missed="8" covered="7"/><counter type="METHOD" missed="1" covered="5"/><counter type="CLASS" missed="0" covered="1"/></class><class name="it/greenvulcano/gvesb/virtual/file/remote/command/GVSearch"><method name="&lt;init&gt;" desc="()V" line="65"><counter type="INSTRUCTION" missed="0" covered="8"/><counter type="LINE" missed="0" covered="3"/><counter type="COMPLEXITY" missed="0" covered="1"/><counter type="METHOD" missed="0" covered="1"/></method><method name="init" desc="(Lorg/w3c/dom/Node;)V" line="89"><counter type="INSTRUCTION" missed="21" covered="30"/><counter type="BRANCH" missed="2" covered="2"/><counter type="LINE" missed="3" covered="7"/><counter type="COMPLEXITY" missed="2" covered="1"/><counter type="METHOD" missed="0" covered="1"/></method><method name="toString" desc="()Ljava/lang/String;" line="113"><counter type="INSTRUCTION" missed="1" covered="21"/><counter type="BRANCH" missed="1" covered="1"/><counter type="LINE" missed="0" covered="1"/><counter type="COMPLEXITY" missed="1" covered="1"/><counter type="METHOD" missed="0" covered="1"/></method><method name="execute" desc="(Lit/greenvulcano/util/remotefs/RemoteManager;Lit/greenvulcano/gvesb/buffer/GVBuffer;)V" line="137"><counter type="INSTRUCTION" missed="22" covered="123"/><counter type="BRANCH" missed="4" covered="6"/><counter type="LINE" missed="2" covered="24"/><counter type="COMPLEXITY" missed="4" covered="2"/><counter type="METHOD" missed="0" covered="1"/></method><method name="isCritical" desc="()Z" line="183"><counter type="INSTRUCTION" missed="3" covered="0"/><counter type="LINE" missed="1" covered="0"/><counter type="COMPLEXITY" missed="1" covered="0"/><counter type="METHOD" missed="1" covered="0"/></method><method name="&lt;clinit&gt;" desc="()V" line="49"><counter type="INSTRUCTION" missed="0" covered="4"/><counter type="LINE" missed="0" covered="1"/><counter type="COMPLEXITY" missed="0" covered="1"/><counter type="METHOD" missed="0" covered="1"/></method><counter type="INSTRUCTION" missed="47" covered="186"/><counter type="BRANCH" missed="7" covered="9"/><counter type="LINE" missed="6" covered="36"/><counter type="COMPLEXITY" missed="8" covered="6"/><counter type="METHOD" missed="1" covered="5"/><counter type="CLASS" missed="0" covered="1"/></class><class name="it/greenvulcano/gvesb/virtual/file/remote/command/GVDownload"><method name="&lt;init&gt;" desc="()V" line="79"><counter type="INSTRUCTION" missed="0" covered="8"/><counter type="LINE" missed="0" covered="3"/><counter type="COMPLEXITY" missed="0" covered="1"/><counter type="METHOD" missed="0" covered="1"/></method><method name="init" desc="(Lorg/w3c/dom/Node;)V" line="103"><counter type="INSTRUCTION" missed="21" covered="39"/><counter type="BRANCH" missed="2" covered="2"/><counter type="LINE" missed="3" covered="9"/><counter type="COMPLEXITY" missed="2" covered="1"/><counter type="METHOD" missed="0" covered="1"/></method><method name="toString" desc="()Ljava/lang/String;" line="129"><counter type="INSTRUCTION" missed="2" covered="52"/><counter type="BRANCH" missed="2" covered="4"/><counter type="LINE" missed="0" covered="3"/><counter type="COMPLEXITY" missed="2" covered="2"/><counter type="METHOD" missed="0" covered="1"/></method><method name="execute" desc="(Lit/greenvulcano/util/remotefs/RemoteManager;Lit/greenvulcano/gvesb/buffer/GVBuffer;)V" line="158"><counter type="INSTRUCTION" missed="21" covered="107"/><counter type="BRANCH" missed="3" covered="5"/><counter type="LINE" missed="2" covered="23"/><counter type="COMPLEXITY" missed="3" covered="2"/><counter type="METHOD" missed="0" covered="1"/></method><method name="isCritical" desc="()Z" line="200"><counter type="INSTRUCTION" missed="3" covered="0"/><counter type="LINE" missed="1" covered="0"/><counter type="COMPLEXITY" missed="1" covered="0"/><counter type="METHOD" missed="1" covered="0"/></method><method name="&lt;clinit&gt;" desc="()V" line="49"><counter type="INSTRUCTION" missed="0" covered="4"/><counter type="LINE" missed="0" covered="1"/><counter type="COMPLEXITY" missed="0" covered="1"/><counter type="METHOD" missed="0" covered="1"/></method><counter type="INSTRUCTION" missed="47" covered="210"/><counter type="BRANCH" missed="7" covered="11"/><counter type="LINE" missed="6" covered="39"/><counter type="COMPLEXITY" missed="8" covered="7"/><counter type="METHOD" missed="1" covered="5"/><counter type="CLASS" missed="0" covered="1"/></class><class name="it/greenvulcano/gvesb/virtual/file/remote/command/GVDelete"><method name="&lt;init&gt;" desc="()V" line="63"><counter type="INSTRUCTION" missed="8" covered="0"/><counter type="LINE" missed="3" covered="0"/><counter type="COMPLEXITY" missed="1" covered="0"/><counter type="METHOD" missed="1" covered="0"/></method><method name="init" desc="(Lorg/w3c/dom/Node;)V" line="87"><counter type="INSTRUCTION" missed="51" covered="0"/><counter type="BRANCH" missed="4" covered="0"/><counter type="LINE" missed="10" covered="0"/><counter type="COMPLEXITY" missed="3" covered="0"/><counter type="METHOD" missed="1" covered="0"/></method><method name="toString" desc="()Ljava/lang/String;" line="111"><counter type="INSTRUCTION" missed="44" covered="0"/><counter type="BRANCH" missed="6" covered="0"/><counter type="LINE" missed="3" covered="0"/><counter type="COMPLEXITY" missed="4" covered="0"/><counter type="METHOD" missed="1" covered="0"/></method><method name="execute" desc="(Lit/greenvulcano/util/remotefs/RemoteManager;Lit/greenvulcano/gvesb/buffer/GVBuffer;)V" line="137"><counter type="INSTRUCTION" missed="93" covered="0"/><counter type="BRANCH" missed="6" covered="0"/><counter type="LINE" missed="16" covered="0"/><counter type="COMPLEXITY" missed="4" covered="0"/><counter type="METHOD" missed="1" covered="0"/></method><method name="isCritical" desc="()Z" line="171"><counter type="INSTRUCTION" missed="3" covered="0"/><counter type="LINE" missed="1" covered="0"/><counter type="COMPLEXITY" missed="1" covered="0"/><counter type="METHOD" missed="1" covered="0"/></method><method name="&lt;clinit&gt;" desc="()V" line="46"><counter type="INSTRUCTION" missed="4" covered="0"/><counter type="LINE" missed="1" covered="0"/><counter type="COMPLEXITY" missed="1" covered="0"/><counter type="METHOD" missed="1" covered="0"/></method><counter type="INSTRUCTION" missed="203" covered="0"/><counter type="BRANCH" missed="16" covered="0"/><counter type="LINE" missed="34" covered="0"/><counter type="COMPLEXITY" missed="14" covered="0"/><counter type="METHOD" missed="6" covered="0"/><counter type="CLASS" missed="1" covered="0"/></class><sourcefile name="GVUpload.java"><line nr="50" mi="0" ci="4" mb="0" cb="0"/><line nr="75" mi="0" ci="5" mb="0" cb="0"/><line nr="82" mi="0" ci="2" mb="0" cb="0"/><line nr="84" mi="0" ci="1" mb="0" cb="0"/><line nr="100" mi="0" ci="5" mb="0" cb="0"/><line nr="101" mi="0" ci="5" mb="0" cb="0"/><line nr="102" mi="0" ci="5" mb="0" cb="0"/><line nr="103" mi="0" ci="5" mb="0" cb="0"/><line nr="104" mi="0" ci="6" mb="0" cb="0"/><line nr="106" mi="0" ci="4" mb="0" cb="0"/><line nr="107" mi="0" ci="2" mb="1" cb="1"/><line nr="108" mi="2" ci="6" mb="1" cb="1"/><line nr="109" mi="6" ci="0" mb="0" cb="0"/><line nr="110" mi="7" ci="0" mb="0" cb="0"/><line nr="111" mi="6" ci="0" mb="0" cb="0"/><line nr="114" mi="0" ci="1" mb="0" cb="0"/><line nr="126" mi="0" ci="3" mb="0" cb="2"/><line nr="127" mi="1" ci="21" mb="1" cb="1"/><line nr="130" mi="1" ci="26" mb="1" cb="1"/><line nr="155" mi="0" ci="1" mb="0" cb="0"/><line nr="156" mi="0" ci="4" mb="0" cb="0"/><line nr="157" mi="0" ci="6" mb="0" cb="0"/><line nr="158" mi="0" ci="6" mb="0" cb="0"/><line nr="159" mi="0" ci="6" mb="0" cb="0"/><line nr="161" mi="0" ci="4" mb="0" cb="0"/><line nr="162" mi="4" ci="8" mb="1" cb="1"/><line nr="163" mi="12" ci="0" mb="0" cb="0"/><line nr="164" mi="1" ci="0" mb="0" cb="0"/><line nr="166" mi="0" ci="2" mb="0" cb="0"/><line nr="167" mi="0" ci="7" mb="1" cb="3"/><line nr="168" mi="0" ci="4" mb="0" cb="0"/><line nr="169" mi="0" ci="4" mb="0" cb="0"/><line nr="170" mi="0" ci="6" mb="0" cb="0"/><line nr="171" mi="0" ci="7" mb="0" cb="0"/><line nr="172" mi="0" ci="7" mb="0" cb="0"/><line nr="173" mi="0" ci="1" mb="0" cb="0"/><line nr="175" mi="0" ci="7" mb="0" cb="0"/><line nr="177" mi="0" ci="2" mb="1" cb="1"/><line nr="178" mi="0" ci="18" mb="0" cb="0"/><line nr="183" mi="4" ci="1" mb="0" cb="0"/><line nr="184" mi="0" ci="1" mb="0" cb="0"/><line nr="185" mi="0" ci="1" mb="0" cb="0"/><line nr="195" mi="3" ci="0" mb="0" cb="0"/><counter type="INSTRUCTION" missed="47" covered="204"/><counter type="BRANCH" missed="7" covered="11"/><counter type="LINE" missed="6" covered="37"/><counter type="COMPLEXITY" missed="8" covered="7"/><counter type="METHOD" missed="1" covered="5"/><counter type="CLASS" missed="0" covered="1"/></sourcefile><sourcefile name="GVMove.java"><line nr="46" mi="4" ci="0" mb="0" cb="0"/><line nr="67" mi="5" ci="0" mb="0" cb="0"/><line nr="73" mi="2" ci="0" mb="0" cb="0"/><line nr="75" mi="1" ci="0" mb="0" cb="0"/><line nr="91" mi="5" ci="0" mb="0" cb="0"/><line nr="92" mi="5" ci="0" mb="0" cb="0"/><line nr="93" mi="5" ci="0" mb="0" cb="0"/><line nr="94" mi="6" ci="0" mb="0" cb="0"/><line nr="96" mi="4" ci="0" mb="0" cb="0"/><line nr="97" mi="2" ci="0" mb="2" cb="0"/><line nr="98" mi="8" ci="0" mb="2" cb="0"/><line nr="99" mi="6" ci="0" mb="0" cb="0"/><line nr="100" mi="7" ci="0" mb="0" cb="0"/><line nr="101" mi="6" ci="0" mb="0" cb="0"/><line nr="104" mi="1" ci="0" mb="0" cb="0"/><line nr="116" mi="27" ci="0" mb="2" cb="0"/><line nr="141" mi="1" ci="0" mb="0" cb="0"/><line nr="142" mi="4" ci="0" mb="0" cb="0"/><line nr="143" mi="6" ci="0" mb="0" cb="0"/><line nr="144" mi="6" ci="0" mb="0" cb="0"/><line nr="145" mi="6" ci="0" mb="0" cb="0"/><line nr="147" mi="4" ci="0" mb="0" cb="0"/><line nr="148" mi="12" ci="0" mb="2" cb="0"/><line nr="149" mi="12" ci="0" mb="0" cb="0"/><line nr="150" mi="1" ci="0" mb="0" cb="0"/><line nr="152" mi="7" ci="0" mb="0" cb="0"/><line nr="154" mi="2" ci="0" mb="2" cb="0"/><line nr="155" mi="18" ci="0" mb="0" cb="0"/><line nr="160" mi="5" ci="0" mb="0" cb="0"/><line nr="161" mi="1" ci="0" mb="0" cb="0"/><line nr="162" mi="1" ci="0" mb="0" cb="0"/><line nr="172" mi="3" ci="0" mb="0" cb="0"/><counter type="INSTRUCTION" missed="183" covered="0"/><counter type="BRANCH" missed="10" covered="0"/><counter type="LINE" missed="32" covered="0"/><counter type="COMPLEXITY" missed="11" covered="0"/><counter type="METHOD" missed="6" covered="0"/><counter type="CLASS" missed="1" covered="0"/></sourcefile><sourcefile name="GVDelete.java"><line nr="46" mi="4" ci="0" mb="0" cb="0"/><line nr="63" mi="5" ci="0" mb="0" cb="0"/><line nr="69" mi="2" ci="0" mb="0" cb="0"/><line nr="71" mi="1" ci="0" mb="0" cb="0"/><line nr="87" mi="5" ci="0" mb="0" cb="0"/><line nr="88" mi="6" ci="0" mb="0" cb="0"/><line nr="89" mi="6" ci="0" mb="0" cb="0"/><line nr="91" mi="4" ci="0" mb="0" cb="0"/><line nr="92" mi="2" ci="0" mb="2" cb="0"/><line nr="93" mi="8" ci="0" mb="2" cb="0"/><line nr="94" mi="6" ci="0" mb="0" cb="0"/><line nr="95" mi="7" ci="0" mb="0" cb="0"/><line nr="96" mi="6" ci="0" mb="0" cb="0"/><line nr="99" mi="1" ci="0" mb="0" cb="0"/><line nr="111" mi="5" ci="0" mb="2" cb="0"/><line nr="112" mi="17" ci="0" mb="2" cb="0"/><line nr="114" mi="22" ci="0" mb="2" cb="0"/><line nr="137" mi="1" ci="0" mb="0" cb="0"/><line nr="138" mi="4" ci="0" mb="0" cb="0"/><line nr="139" mi="6" ci="0" mb="0" cb="0"/><line nr="140" mi="6" ci="0" mb="0" cb="0"/><line nr="142" mi="4" ci="0" mb="0" cb="0"/><line nr="143" mi="12" ci="0" mb="2" cb="0"/><line nr="144" mi="12" ci="0" mb="0" cb="0"/><line nr="145" mi="1" ci="0" mb="0" cb="0"/><line nr="147" mi="6" ci="0" mb="0" cb="0"/><line nr="149" mi="2" ci="0" mb="2" cb="0"/><line nr="150" mi="5" ci="0" mb="2" cb="0"/><line nr="151" mi="13" ci="0" mb="0" cb="0"/><line nr="154" mi="14" ci="0" mb="0" cb="0"/><line nr="159" mi="5" ci="0" mb="0" cb="0"/><line nr="160" mi="1" ci="0" mb="0" cb="0"/><line nr="161" mi="1" ci="0" mb="0" cb="0"/><line nr="171" mi="3" ci="0" mb="0" cb="0"/><counter type="INSTRUCTION" missed="203" covered="0"/><counter type="BRANCH" missed="16" covered="0"/><counter type="LINE" missed="34" covered="0"/><counter type="COMPLEXITY" missed="14" covered="0"/><counter type="METHOD" missed="6" covered="0"/><counter type="CLASS" missed="1" covered="0"/></sourcefile><sourcefile name="GVSearch.java"><line nr="49" mi="0" ci="4" mb="0" cb="0"/><line nr="65" mi="0" ci="5" mb="0" cb="0"/><line nr="71" mi="0" ci="2" mb="0" cb="0"/><line nr="73" mi="0" ci="1" mb="0" cb="0"/><line nr="89" mi="0" ci="5" mb="0" cb="0"/><line nr="90" mi="0" ci="6" mb="0" cb="0"/><line nr="91" mi="0" ci="6" mb="0" cb="0"/><line nr="93" mi="0" ci="4" mb="0" cb="0"/><line nr="94" mi="0" ci="2" mb="1" cb="1"/><line nr="95" mi="2" ci="6" mb="1" cb="1"/><line nr="96" mi="6" ci="0" mb="0" cb="0"/><line nr="97" mi="7" ci="0" mb="0" cb="0"/><line nr="98" mi="6" ci="0" mb="0" cb="0"/><line nr="101" mi="0" ci="1" mb="0" cb="0"/><line nr="113" mi="1" ci="21" mb="1" cb="1"/><line nr="137" mi="0" ci="1" mb="0" cb="0"/><line nr="138" mi="0" ci="4" mb="0" cb="0"/><line nr="139" mi="0" ci="6" mb="0" cb="0"/><line nr="140" mi="0" ci="6" mb="0" cb="0"/><line nr="142" mi="0" ci="4" mb="0" cb="0"/><line nr="143" mi="4" ci="8" mb="1" cb="1"/><line nr="144" mi="12" ci="0" mb="0" cb="0"/><line nr="145" mi="1" ci="0" mb="0" cb="0"/><line nr="147" mi="0" ci="8" mb="0" cb="0"/><line nr="150" mi="0" ci="3" mb="0" cb="0"/><line nr="152" mi="0" ci="11" mb="0" cb="0"/><line nr="154" mi="1" ci="5" mb="1" cb="1"/><line nr="155" mi="0" ci="2" mb="1" cb="1"/><line nr="156" mi="0" ci="4" mb="0" cb="0"/><line nr="157" mi="0" ci="10" mb="0" cb="2"/><line nr="158" mi="0" ci="3" mb="0" cb="0"/><line nr="159" mi="0" ci="6" mb="0" cb="0"/><line nr="160" mi="0" ci="1" mb="0" cb="0"/><line nr="161" mi="0" ci="4" mb="1" cb="1"/><line nr="162" mi="0" ci="7" mb="0" cb="0"/><line nr="164" mi="0" ci="18" mb="0" cb="0"/><line nr="166" mi="0" ci="4" mb="0" cb="0"/><line nr="167" mi="0" ci="5" mb="0" cb="0"/><line nr="171" mi="4" ci="1" mb="0" cb="0"/><line nr="172" mi="0" ci="1" mb="0" cb="0"/><line nr="173" mi="0" ci="1" mb="0" cb="0"/><line nr="183" mi="3" ci="0" mb="0" cb="0"/><counter type="INSTRUCTION" missed="47" covered="186"/><counter type="BRANCH" missed="7" covered="9"/><counter type="LINE" missed="6" covered="36"/><counter type="COMPLEXITY" missed="8" covered="6"/><counter type="METHOD" missed="1" covered="5"/><counter type="CLASS" missed="0" covered="1"/></sourcefile><sourcefile name="GVDownload.java"><line nr="49" mi="0" ci="4" mb="0" cb="0"/><line nr="79" mi="0" ci="5" mb="0" cb="0"/><line nr="85" mi="0" ci="2" mb="0" cb="0"/><line nr="87" mi="0" ci="1" mb="0" cb="0"/><line nr="103" mi="0" ci="5" mb="0" cb="0"/><line nr="104" mi="0" ci="5" mb="0" cb="0"/><line nr="105" mi="0" ci="5" mb="0" cb="0"/><line nr="106" mi="0" ci="5" mb="0" cb="0"/><line nr="107" mi="0" ci="6" mb="0" cb="0"/><line nr="109" mi="0" ci="4" mb="0" cb="0"/><line nr="110" mi="0" ci="2" mb="1" cb="1"/><line nr="111" mi="2" ci="6" mb="1" cb="1"/><line nr="112" mi="6" ci="0" mb="0" cb="0"/><line nr="113" mi="7" ci="0" mb="0" cb="0"/><line nr="114" mi="6" ci="0" mb="0" cb="0"/><line nr="117" mi="0" ci="1" mb="0" cb="0"/><line nr="129" mi="0" ci="3" mb="0" cb="2"/><line nr="130" mi="1" ci="23" mb="1" cb="1"/><line nr="133" mi="1" ci="26" mb="1" cb="1"/><line nr="158" mi="0" ci="1" mb="0" cb="0"/><line nr="159" mi="0" ci="4" mb="0" cb="0"/><line nr="160" mi="0" ci="6" mb="0" cb="0"/><line nr="161" mi="0" ci="6" mb="0" cb="0"/><line nr="162" mi="0" ci="6" mb="0" cb="0"/><line nr="164" mi="0" ci="4" mb="0" cb="0"/><line nr="165" mi="4" ci="8" mb="1" cb="1"/><line nr="166" mi="12" ci="0" mb="0" cb="0"/><line nr="167" mi="1" ci="0" mb="0" cb="0"/><line nr="169" mi="0" ci="2" mb="0" cb="0"/><line nr="170" mi="0" ci="7" mb="1" cb="3"/><line nr="171" mi="0" ci="4" mb="0" cb="0"/><line nr="172" mi="0" ci="7" mb="0" cb="0"/><line nr="173" mi="0" ci="2" mb="0" cb="0"/><line nr="174" mi="0" ci="4" mb="0" cb="0"/><line nr="175" mi="0" ci="4" mb="0" cb="0"/><line nr="176" mi="0" ci="5" mb="0" cb="0"/><line nr="177" mi="0" ci="6" mb="0" cb="0"/><line nr="178" mi="0" ci="1" mb="0" cb="0"/><line nr="180" mi="0" ci="7" mb="0" cb="0"/><line nr="182" mi="0" ci="2" mb="1" cb="1"/><line nr="183" mi="0" ci="18" mb="0" cb="0"/><line nr="188" mi="4" ci="1" mb="0" cb="0"/><line nr="189" mi="0" ci="1" mb="0" cb="0"/><line nr="190" mi="0" ci="1" mb="0" cb="0"/><line nr="200" mi="3" ci="0" mb="0" cb="0"/><counter type="INSTRUCTION" missed="47" covered="210"/><counter type="BRANCH" missed="7" covered="11"/><counter type="LINE" missed="6" covered="39"/><counter type="COMPLEXITY" missed="8" covered="7"/><counter type="METHOD" missed="1" covered="5"/><counter type="CLASS" missed="0" covered="1"/></sourcefile><counter type="INSTRUCTION" missed="527" covered="600"/><counter type="BRANCH" missed="47" covered="31"/><counter type="LINE" missed="84" covered="112"/><counter type="COMPLEXITY" missed="49" covered="20"/><counter type="METHOD" missed="15" covered="15"/><counter type="CLASS" missed="2" covered="3"/></package><package name="it/greenvulcano/gvesb/virtual/file/reader"><class name="it/greenvulcano/gvesb/virtual/file/reader/AnalyzeDirCall"><method name="&lt;init&gt;" desc="()V" line="50"><counter type="INSTRUCTION" missed="0" covered="12"/><counter type="LINE" missed="0" covered="4"/><counter type="COMPLEXITY" missed="0" covered="1"/><counter type="METHOD" missed="0" covered="1"/></method><method name="init" desc="(Lorg/w3c/dom/Node;)V" line="86"><counter type="INSTRUCTION" missed="27" covered="36"/><counter type="LINE" missed="3" covered="7"/><counter type="COMPLEXITY" missed="0" covered="1"/><counter type="METHOD" missed="0" covered="1"/></method><method name="perform" desc="(Lit/greenvulcano/gvesb/buffer/GVBuffer;)Lit/greenvulcano/gvesb/buffer/GVBuffer;" line="113"><counter type="INSTRUCTION" missed="160" covered="32"/><counter type="BRANCH" missed="9" covered="1"/><counter type="LINE" missed="17" covered="6"/><counter type="COMPLEXITY" missed="5" covered="1"/><counter type="METHOD" missed="0" covered="1"/></method><method name="cleanUp" desc="()V" line="157"><counter type="INSTRUCTION" missed="1" covered="0"/><counter type="LINE" missed="1" covered="0"/><counter type="COMPLEXITY" missed="1" covered="0"/><counter type="METHOD" missed="1" covered="0"/></method><method name="destroy" desc="()V" line="168"><counter type="INSTRUCTION" missed="1" covered="0"/><counter type="LINE" missed="1" covered="0"/><counter type="COMPLEXITY" missed="1" covered="0"/><counter type="METHOD" missed="1" covered="0"/></method><method name="setKey" desc="(Lit/greenvulcano/gvesb/virtual/OperationKey;)V" line="181"><counter type="INSTRUCTION" missed="4" covered="0"/><counter type="LINE" missed="2" covered="0"/><counter type="COMPLEXITY" missed="1" covered="0"/><counter type="METHOD" missed="1" covered="0"/></method><method name="getKey" desc="()Lit/greenvulcano/gvesb/virtual/OperationKey;" line="195"><counter type="INSTRUCTION" missed="3" covered="0"/><counter type="LINE" missed="1" covered="0"/><counter type="COMPLEXITY" missed="1" covered="0"/><counter type="METHOD" missed="1" covered="0"/></method><method name="getServiceAlias" desc="(Lit/greenvulcano/gvesb/buffer/GVBuffer;)Ljava/lang/String;" line="211"><counter type="INSTRUCTION" missed="3" covered="0"/><counter type="LINE" missed="1" covered="0"/><counter type="COMPLEXITY" missed="1" covered="0"/><counter type="METHOD" missed="1" covered="0"/></method><method name="&lt;clinit&gt;" desc="()V" line="52"><counter type="INSTRUCTION" missed="0" covered="4"/><counter type="LINE" missed="0" covered="1"/><counter type="COMPLEXITY" missed="0" covered="1"/><counter type="METHOD" missed="0" covered="1"/></method><counter type="INSTRUCTION" missed="199" covered="84"/><counter type="BRANCH" missed="9" covered="1"/><counter type="LINE" missed="26" covered="18"/><counter type="COMPLEXITY" missed="10" covered="4"/><counter type="METHOD" missed="5" covered="4"/><counter type="CLASS" missed="0" covered="1"/></class><class name="it/greenvulcano/gvesb/virtual/file/reader/FileReader"><method name="&lt;init&gt;" desc="()V" line="61"><counter type="INSTRUCTION" missed="0" covered="15"/><counter type="LINE" missed="0" covered="5"/><counter type="COMPLEXITY" missed="0" covered="1"/><counter type="METHOD" missed="0" covered="1"/></method><method name="init" desc="(Lorg/w3c/dom/Node;)V" line="124"><counter type="INSTRUCTION" missed="54" covered="76"/><counter type="LINE" missed="6" covered="12"/><counter type="COMPLEXITY" missed="0" covered="1"/><counter type="METHOD" missed="0" covered="1"/></method><method name="perform" desc="(Lit/greenvulcano/gvesb/buffer/GVBuffer;)Lit/greenvulcano/gvesb/buffer/GVBuffer;" line="162"><counter type="INSTRUCTION" missed="110" covered="97"/><counter type="BRANCH" missed="3" covered="5"/><counter type="LINE" missed="9" covered="22"/><counter type="COMPLEXITY" missed="3" covered="2"/><counter type="METHOD" missed="0" covered="1"/></method><method name="cleanUp" desc="()V" line="222"><counter type="INSTRUCTION" missed="1" covered="0"/><counter type="LINE" missed="1" covered="0"/><counter type="COMPLEXITY" missed="1" covered="0"/><counter type="METHOD" missed="1" covered="0"/></method><method name="destroy" desc="()V" line="233"><counter type="INSTRUCTION" missed="1" covered="0"/><counter type="LINE" missed="1" covered="0"/><counter type="COMPLEXITY" missed="1" covered="0"/><counter type="METHOD" missed="1" covered="0"/></method><method name="setKey" desc="(Lit/greenvulcano/gvesb/virtual/OperationKey;)V" line="246"><counter type="INSTRUCTION" missed="4" covered="0"/><counter type="LINE" missed="2" covered="0"/><counter type="COMPLEXITY" missed="1" covered="0"/><counter type="METHOD" missed="1" covered="0"/></method><method name="getKey" desc="()Lit/greenvulcano/gvesb/virtual/OperationKey;" line="260"><counter type="INSTRUCTION" missed="3" covered="0"/><counter type="LINE" missed="1" covered="0"/><counter type="COMPLEXITY" missed="1" covered="0"/><counter type="METHOD" missed="1" covered="0"/></method><method name="getServiceAlias" desc="(Lit/greenvulcano/gvesb/buffer/GVBuffer;)Ljava/lang/String;" line="276"><counter type="INSTRUCTION" missed="3" covered="0"/><counter type="LINE" missed="1" covered="0"/><counter type="COMPLEXITY" missed="1" covered="0"/><counter type="METHOD" missed="1" covered="0"/></method><method name="buildSourcePath" desc="(Lit/greenvulcano/gvesb/buffer/GVBuffer;)Ljava/io/File;" line="282"><counter type="INSTRUCTION" missed="49" covered="62"/><counter type="BRANCH" missed="7" covered="7"/><counter type="LINE" missed="4" covered="17"/><counter type="COMPLEXITY" missed="7" covered="1"/><counter type="METHOD" missed="0" covered="1"/></method><method name="&lt;clinit&gt;" desc="()V" line="63"><counter type="INSTRUCTION" missed="0" covered="4"/><counter type="LINE" missed="0" covered="1"/><counter type="COMPLEXITY" missed="0" covered="1"/><counter type="METHOD" missed="0" covered="1"/></method><counter type="INSTRUCTION" missed="225" covered="254"/><counter type="BRANCH" missed="10" covered="12"/><counter type="LINE" missed="25" covered="57"/><counter type="COMPLEXITY" missed="15" covered="6"/><counter type="METHOD" missed="5" covered="5"/><counter type="CLASS" missed="0" covered="1"/></class><sourcefile name="FileReader.java"><line nr="61" mi="0" ci="2" mb="0" cb="0"/><line nr="63" mi="0" ci="4" mb="0" cb="0"/><line nr="68" mi="0" ci="3" mb="0" cb="0"/><line nr="74" mi="0" ci="3" mb="0" cb="0"/><line nr="80" mi="0" ci="3" mb="0" cb="0"/><line nr="85" mi="0" ci="4" mb="0" cb="0"/><line nr="124" mi="0" ci="5" mb="0" cb="0"/><line nr="125" mi="0" ci="5" mb="0" cb="0"/><line nr="126" mi="0" ci="5" mb="0" cb="0"/><line nr="127" mi="0" ci="6" mb="0" cb="0"/><line nr="128" mi="0" ci="6" mb="0" cb="0"/><line nr="129" mi="0" ci="6" mb="0" cb="0"/><line nr="130" mi="0" ci="6" mb="0" cb="0"/><line nr="132" mi="0" ci="11" mb="0" cb="0"/><line nr="133" mi="0" ci="11" mb="0" cb="0"/><line nr="135" mi="0" ci="13" mb="0" cb="0"/><line nr="137" mi="1" ci="0" mb="0" cb="0"/><line nr="138" mi="4" ci="0" mb="0" cb="0"/><line nr="139" mi="22" ci="0" mb="0" cb="0"/><line nr="142" mi="1" ci="0" mb="0" cb="0"/><line nr="143" mi="4" ci="0" mb="0" cb="0"/><line nr="144" mi="22" ci="0" mb="0" cb="0"/><line nr="146" mi="0" ci="1" mb="0" cb="0"/><line nr="147" mi="0" ci="1" mb="0" cb="0"/><line nr="162" mi="0" ci="4" mb="0" cb="0"/><line nr="164" mi="0" ci="3" mb="1" cb="1"/><line nr="165" mi="15" ci="0" mb="0" cb="0"/><line nr="169" mi="0" ci="3" mb="1" cb="1"/><line nr="170" mi="15" ci="0" mb="0" cb="0"/><line nr="173" mi="0" ci="3" mb="0" cb="2"/><line nr="174" mi="0" ci="11" mb="0" cb="0"/><line nr="175" mi="0" ci="5" mb="0" cb="0"/><line nr="176" mi="0" ci="3" mb="1" cb="1"/><line nr="179" mi="0" ci="2" mb="0" cb="0"/><line nr="180" mi="0" ci="4" mb="0" cb="0"/><line nr="181" mi="0" ci="4" mb="0" cb="0"/><line nr="182" mi="0" ci="6" mb="0" cb="0"/><line nr="183" mi="0" ci="6" mb="0" cb="0"/><line nr="184" mi="0" ci="4" mb="0" cb="0"/><line nr="187" mi="0" ci="4" mb="0" cb="0"/><line nr="189" mi="0" ci="10" mb="0" cb="0"/><line nr="190" mi="0" ci="4" mb="0" cb="0"/><line nr="191" mi="0" ci="1" mb="0" cb="0"/><line nr="193" mi="7" ci="0" mb="0" cb="0"/><line nr="194" mi="3" ci="0" mb="0" cb="0"/><line nr="196" mi="0" ci="1" mb="0" cb="0"/><line nr="198" mi="0" ci="11" mb="0" cb="0"/><line nr="199" mi="0" ci="3" mb="0" cb="0"/><line nr="200" mi="0" ci="3" mb="0" cb="0"/><line nr="203" mi="0" ci="2" mb="0" cb="0"/><line nr="205" mi="1" ci="0" mb="0" cb="0"/><line nr="206" mi="4" ci="0" mb="0" cb="0"/><line nr="207" mi="30" ci="0" mb="0" cb="0"/><line nr="208" mi="29" ci="0" mb="0" cb="0"/><line nr="209" mi="6" ci="0" mb="0" cb="0"/><line nr="222" mi="1" ci="0" mb="0" cb="0"/><line nr="233" mi="1" ci="0" mb="0" cb="0"/><line nr="246" mi="3" ci="0" mb="0" cb="0"/><line nr="247" mi="1" ci="0" mb="0" cb="0"/><line nr="260" mi="3" ci="0" mb="0" cb="0"/><line nr="276" mi="3" ci="0" mb="0" cb="0"/><line nr="282" mi="0" ci="1" mb="0" cb="0"/><line nr="283" mi="0" ci="4" mb="0" cb="0"/><line nr="285" mi="0" ci="4" mb="0" cb="0"/><line nr="286" mi="0" ci="2" mb="1" cb="1"/><line nr="287" mi="0" ci="3" mb="1" cb="1"/><line nr="288" mi="0" ci="4" mb="0" cb="0"/><line nr="291" mi="5" ci="0" mb="0" cb="0"/><line nr="295" mi="0" ci="5" mb="0" cb="0"/><line nr="297" mi="0" ci="4" mb="0" cb="0"/><line nr="298" mi="0" ci="2" mb="1" cb="1"/><line nr="299" mi="0" ci="3" mb="1" cb="1"/><line nr="300" mi="0" ci="4" mb="0" cb="0"/><line nr="303" mi="5" ci="0" mb="0" cb="0"/><line nr="307" mi="0" ci="5" mb="0" cb="0"/><line nr="309" mi="5" ci="10" mb="1" cb="1"/><line nr="310" mi="0" ci="3" mb="1" cb="1"/><line nr="311" mi="0" ci="3" mb="1" cb="1"/><line nr="312" mi="0" ci="4" mb="0" cb="0"/><line nr="314" mi="15" ci="0" mb="0" cb="0"/><line nr="316" mi="15" ci="0" mb="0" cb="0"/><line nr="319" mi="4" ci="1" mb="0" cb="0"/><counter type="INSTRUCTION" missed="225" covered="254"/><counter type="BRANCH" missed="10" covered="12"/><counter type="LINE" missed="25" covered="57"/><counter type="COMPLEXITY" missed="15" covered="6"/><counter type="METHOD" missed="5" covered="5"/><counter type="CLASS" missed="0" covered="1"/></sourcefile><sourcefile name="AnalyzeDirCall.java"><line nr="50" mi="0" ci="2" mb="0" cb="0"/><line nr="52" mi="0" ci="4" mb="0" cb="0"/><line nr="57" mi="0" ci="3" mb="0" cb="0"/><line nr="62" mi="0" ci="3" mb="0" cb="0"/><line nr="68" mi="0" ci="4" mb="0" cb="0"/><line nr="86" mi="0" ci="5" mb="0" cb="0"/><line nr="87" mi="0" ci="4" mb="0" cb="0"/><line nr="88" mi="0" ci="8" mb="0" cb="0"/><line nr="89" mi="0" ci="4" mb="0" cb="0"/><line nr="91" mi="0" ci="13" mb="0" cb="0"/><line nr="93" mi="1" ci="0" mb="0" cb="0"/><line nr="94" mi="4" ci="0" mb="0" cb="0"/><line nr="95" mi="22" ci="0" mb="0" cb="0"/><line nr="97" mi="0" ci="1" mb="0" cb="0"/><line nr="98" mi="0" ci="1" mb="0" cb="0"/><line nr="113" mi="0" ci="4" mb="0" cb="0"/><line nr="114" mi="0" ci="5" mb="0" cb="0"/><line nr="115" mi="0" ci="3" mb="1" cb="1"/><line nr="116" mi="0" ci="13" mb="0" cb="0"/><line nr="117" mi="0" ci="5" mb="0" cb="0"/><line nr="120" mi="13" ci="0" mb="0" cb="0"/><line nr="121" mi="5" ci="0" mb="0" cb="0"/><line nr="122" mi="4" ci="0" mb="0" cb="0"/><line nr="123" mi="4" ci="0" mb="0" cb="0"/><line nr="124" mi="4" ci="0" mb="2" cb="0"/><line nr="125" mi="12" ci="0" mb="0" cb="0"/><line nr="127" mi="4" ci="0" mb="2" cb="0"/><line nr="128" mi="12" ci="0" mb="0" cb="0"/><line nr="130" mi="4" ci="0" mb="2" cb="0"/><line nr="131" mi="12" ci="0" mb="0" cb="0"/><line nr="133" mi="4" ci="0" mb="2" cb="0"/><line nr="134" mi="12" ci="0" mb="0" cb="0"/><line nr="137" mi="0" ci="2" mb="0" cb="0"/><line nr="139" mi="1" ci="0" mb="0" cb="0"/><line nr="140" mi="4" ci="0" mb="0" cb="0"/><line nr="141" mi="30" ci="0" mb="0" cb="0"/><line nr="142" mi="29" ci="0" mb="0" cb="0"/><line nr="143" mi="6" ci="0" mb="0" cb="0"/><line nr="157" mi="1" ci="0" mb="0" cb="0"/><line nr="168" mi="1" ci="0" mb="0" cb="0"/><line nr="181" mi="3" ci="0" mb="0" cb="0"/><line nr="182" mi="1" ci="0" mb="0" cb="0"/><line nr="195" mi="3" ci="0" mb="0" cb="0"/><line nr="211" mi="3" ci="0" mb="0" cb="0"/><counter type="INSTRUCTION" missed="199" covered="84"/><counter type="BRANCH" missed="9" covered="1"/><counter type="LINE" missed="26" covered="18"/><counter type="COMPLEXITY" missed="10" covered="4"/><counter type="METHOD" missed="5" covered="4"/><counter type="CLASS" missed="0" covered="1"/></sourcefile><counter type="INSTRUCTION" missed="424" covered="338"/><counter type="BRANCH" missed="19" covered="13"/><counter type="LINE" missed="51" covered="75"/><counter type="COMPLEXITY" missed="25" covered="10"/><counter type="METHOD" missed="10" covered="9"/><counter type="CLASS" missed="0" covered="2"/></package><package name="it/greenvulcano/gvesb/virtual/file/command"><class name="it/greenvulcano/gvesb/virtual/file/command/GVMove"><method name="&lt;init&gt;" desc="()V" line="73"><counter type="INSTRUCTION" missed="0" covered="3"/><counter type="LINE" missed="0" covered="2"/><counter type="COMPLEXITY" missed="0" covered="1"/><counter type="METHOD" missed="0" covered="1"/></method><method name="init" desc="(Lorg/w3c/dom/Node;)V" line="91"><counter type="INSTRUCTION" missed="0" covered="23"/><counter type="LINE" missed="0" covered="5"/><counter type="COMPLEXITY" missed="0" covered="1"/><counter type="METHOD" missed="0" covered="1"/></method><method name="toString" desc="()Ljava/lang/String;" line="107"><counter type="INSTRUCTION" missed="23" covered="31"/><counter type="BRANCH" missed="4" covered="2"/><counter type="LINE" missed="1" covered="2"/><counter type="COMPLEXITY" missed="3" covered="1"/><counter type="METHOD" missed="0" covered="1"/></method><method name="execute" desc="(Lit/greenvulcano/gvesb/buffer/GVBuffer;)V" line="129"><counter type="INSTRUCTION" missed="19" covered="53"/><counter type="BRANCH" missed="1" covered="1"/><counter type="LINE" missed="1" covered="11"/><counter type="COMPLEXITY" missed="1" covered="1"/><counter type="METHOD" missed="0" covered="1"/></method><method name="isCritical" desc="()Z" line="157"><counter type="INSTRUCTION" missed="3" covered="0"/><counter type="LINE" missed="1" covered="0"/><counter type="COMPLEXITY" missed="1" covered="0"/><counter type="METHOD" missed="1" covered="0"/></method><method name="&lt;clinit&gt;" desc="()V" line="46"><counter type="INSTRUCTION" missed="0" covered="4"/><counter type="LINE" missed="0" covered="1"/><counter type="COMPLEXITY" missed="0" covered="1"/><counter type="METHOD" missed="0" covered="1"/></method><counter type="INSTRUCTION" missed="45" covered="114"/><counter type="BRANCH" missed="5" covered="3"/><counter type="LINE" missed="3" covered="21"/><counter type="COMPLEXITY" missed="5" covered="5"/><counter type="METHOD" missed="1" covered="5"/><counter type="CLASS" missed="0" covered="1"/></class><class name="it/greenvulcano/gvesb/virtual/file/command/GVZip"><method name="&lt;init&gt;" desc="()V" line="76"><counter type="INSTRUCTION" missed="0" covered="8"/><counter type="LINE" missed="0" covered="3"/><counter type="COMPLEXITY" missed="0" covered="1"/><counter type="METHOD" missed="0" covered="1"/></method><method name="init" desc="(Lorg/w3c/dom/Node;)V" line="100"><counter type="INSTRUCTION" missed="0" covered="27"/><counter type="LINE" missed="0" covered="6"/><counter type="COMPLEXITY" missed="0" covered="1"/><counter type="METHOD" missed="0" covered="1"/></method><method name="toString" desc="()Ljava/lang/String;" line="117"><counter type="INSTRUCTION" missed="1" covered="31"/><counter type="BRANCH" missed="1" covered="1"/><counter type="LINE" missed="0" covered="1"/><counter type="COMPLEXITY" missed="1" covered="1"/><counter type="METHOD" missed="0" covered="1"/></method><method name="execute" desc="(Lit/greenvulcano/gvesb/buffer/GVBuffer;)V" line="136"><counter type="INSTRUCTION" missed="4" covered="61"/><counter type="LINE" missed="0" covered="11"/><counter type="COMPLEXITY" missed="0" covered="1"/><counter type="METHOD" missed="0" covered="1"/></method><method name="isCritical" desc="()Z" line="160"><counter type="INSTRUCTION" missed="3" covered="0"/><counter type="LINE" missed="1" covered="0"/><counter type="COMPLEXITY" missed="1" covered="0"/><counter type="METHOD" missed="1" covered="0"/></method><method name="&lt;clinit&gt;" desc="()V" line="45"><counter type="INSTRUCTION" missed="0" covered="4"/><counter type="LINE" missed="0" covered="1"/><counter type="COMPLEXITY" missed="0" covered="1"/><counter type="METHOD" missed="0" covered="1"/></method><counter type="INSTRUCTION" missed="8" covered="131"/><counter type="BRANCH" missed="1" covered="1"/><counter type="LINE" missed="1" covered="22"/><counter type="COMPLEXITY" missed="2" covered="5"/><counter type="METHOD" missed="1" covered="5"/><counter type="CLASS" missed="0" covered="1"/></class><class name="it/greenvulcano/gvesb/virtual/file/command/GVUnZip"><method name="&lt;init&gt;" desc="()V" line="70"><counter type="INSTRUCTION" missed="0" covered="8"/><counter type="LINE" missed="0" covered="3"/><counter type="COMPLEXITY" missed="0" covered="1"/><counter type="METHOD" missed="0" covered="1"/></method><method name="init" desc="(Lorg/w3c/dom/Node;)V" line="94"><counter type="INSTRUCTION" missed="0" covered="22"/><counter type="LINE" missed="0" covered="5"/><counter type="COMPLEXITY" missed="0" covered="1"/><counter type="METHOD" missed="0" covered="1"/></method><method name="toString" desc="()Ljava/lang/String;" line="110"><counter type="INSTRUCTION" missed="1" covered="26"/><counter type="BRANCH" missed="1" covered="1"/><counter type="LINE" missed="0" covered="1"/><counter type="COMPLEXITY" missed="1" covered="1"/><counter type="METHOD" missed="0" covered="1"/></method><method name="execute" desc="(Lit/greenvulcano/gvesb/buffer/GVBuffer;)V" line="129"><counter type="INSTRUCTION" missed="4" covered="50"/><counter type="LINE" missed="0" covered="10"/><counter type="COMPLEXITY" missed="0" covered="1"/><counter type="METHOD" missed="0" covered="1"/></method><method name="isCritical" desc="()Z" line="152"><counter type="INSTRUCTION" missed="3" covered="0"/><counter type="LINE" missed="1" covered="0"/><counter type="COMPLEXITY" missed="1" covered="0"/><counter type="METHOD" missed="1" covered="0"/></method><method name="&lt;clinit&gt;" desc="()V" line="45"><counter type="INSTRUCTION" missed="0" covered="4"/><counter type="LINE" missed="0" covered="1"/><counter type="COMPLEXITY" missed="0" covered="1"/><counter type="METHOD" missed="0" covered="1"/></method><counter type="INSTRUCTION" missed="8" covered="110"/><counter type="BRANCH" missed="1" covered="1"/><counter type="LINE" missed="1" covered="20"/><counter type="COMPLEXITY" missed="2" covered="5"/><counter type="METHOD" missed="1" covered="5"/><counter type="CLASS" missed="0" covered="1"/></class><class name="it/greenvulcano/gvesb/virtual/file/command/GVCopy"><method name="&lt;init&gt;" desc="()V" line="72"><counter type="INSTRUCTION" missed="0" covered="3"/><counter type="LINE" missed="0" covered="2"/><counter type="COMPLEXITY" missed="0" covered="1"/><counter type="METHOD" missed="0" covered="1"/></method><method name="init" desc="(Lorg/w3c/dom/Node;)V" line="90"><counter type="INSTRUCTION" missed="0" covered="23"/><counter type="LINE" missed="0" covered="5"/><counter type="COMPLEXITY" missed="0" covered="1"/><counter type="METHOD" missed="0" covered="1"/></method><method name="toString" desc="()Ljava/lang/String;" line="106"><counter type="INSTRUCTION" missed="23" covered="31"/><counter type="BRANCH" missed="4" covered="2"/><counter type="LINE" missed="1" covered="2"/><counter type="COMPLEXITY" missed="3" covered="1"/><counter type="METHOD" missed="0" covered="1"/></method><method name="execute" desc="(Lit/greenvulcano/gvesb/buffer/GVBuffer;)V" line="128"><counter type="INSTRUCTION" missed="19" covered="53"/><counter type="BRANCH" missed="1" covered="1"/><counter type="LINE" missed="1" covered="11"/><counter type="COMPLEXITY" missed="1" covered="1"/><counter type="METHOD" missed="0" covered="1"/></method><method name="isCritical" desc="()Z" line="156"><counter type="INSTRUCTION" missed="3" covered="0"/><counter type="LINE" missed="1" covered="0"/><counter type="COMPLEXITY" missed="1" covered="0"/><counter type="METHOD" missed="1" covered="0"/></method><method name="&lt;clinit&gt;" desc="()V" line="45"><counter type="INSTRUCTION" missed="0" covered="4"/><counter type="LINE" missed="0" covered="1"/><counter type="COMPLEXITY" missed="0" covered="1"/><counter type="METHOD" missed="0" covered="1"/></method><counter type="INSTRUCTION" missed="45" covered="114"/><counter type="BRANCH" missed="5" covered="3"/><counter type="LINE" missed="3" covered="21"/><counter type="COMPLEXITY" missed="5" covered="5"/><counter type="METHOD" missed="1" covered="5"/><counter type="CLASS" missed="0" covered="1"/></class><class name="it/greenvulcano/gvesb/virtual/file/command/GVDelete"><method name="&lt;init&gt;" desc="()V" line="67"><counter type="INSTRUCTION" missed="0" covered="3"/><counter type="LINE" missed="0" covered="2"/><counter type="COMPLEXITY" missed="0" covered="1"/><counter type="METHOD" missed="0" covered="1"/></method><method name="init" desc="(Lorg/w3c/dom/Node;)V" line="85"><counter type="INSTRUCTION" missed="0" covered="18"/><counter type="LINE" missed="0" covered="4"/><counter type="COMPLEXITY" missed="0" covered="1"/><counter type="METHOD" missed="0" covered="1"/></method><method name="toString" desc="()Ljava/lang/String;" line="100"><counter type="INSTRUCTION" missed="18" covered="26"/><counter type="BRANCH" missed="4" covered="2"/><counter type="LINE" missed="1" covered="2"/><counter type="COMPLEXITY" missed="3" covered="1"/><counter type="METHOD" missed="0" covered="1"/></method><method name="execute" desc="(Lit/greenvulcano/gvesb/buffer/GVBuffer;)V" line="121"><counter type="INSTRUCTION" missed="17" covered="42"/><counter type="BRANCH" missed="1" covered="1"/><counter type="LINE" missed="1" covered="10"/><counter type="COMPLEXITY" missed="1" covered="1"/><counter type="METHOD" missed="0" covered="1"/></method><method name="isCritical" desc="()Z" line="147"><counter type="INSTRUCTION" missed="3" covered="0"/><counter type="LINE" missed="1" covered="0"/><counter type="COMPLEXITY" missed="1" covered="0"/><counter type="METHOD" missed="1" covered="0"/></method><method name="&lt;clinit&gt;" desc="()V" line="45"><counter type="INSTRUCTION" missed="0" covered="4"/><counter type="LINE" missed="0" covered="1"/><counter type="COMPLEXITY" missed="0" covered="1"/><counter type="METHOD" missed="0" covered="1"/></method><counter type="INSTRUCTION" missed="38" covered="93"/><counter type="BRANCH" missed="5" covered="3"/><counter type="LINE" missed="3" covered="19"/><counter type="COMPLEXITY" missed="5" covered="5"/><counter type="METHOD" missed="1" covered="5"/><counter type="CLASS" missed="0" covered="1"/></class><class name="it/greenvulcano/gvesb/virtual/file/command/GVSearch"><method name="&lt;init&gt;" desc="()V" line="78"><counter type="INSTRUCTION" missed="0" covered="3"/><counter type="LINE" missed="0" covered="2"/><counter type="COMPLEXITY" missed="0" covered="1"/><counter type="METHOD" missed="0" covered="1"/></method><method name="init" desc="(Lorg/w3c/dom/Node;)V" line="96"><counter type="INSTRUCTION" missed="0" covered="24"/><counter type="LINE" missed="0" covered="5"/><counter type="COMPLEXITY" missed="0" covered="1"/><counter type="METHOD" missed="0" covered="1"/></method><method name="toString" desc="()Ljava/lang/String;" line="112"><counter type="INSTRUCTION" missed="1" covered="21"/><counter type="BRANCH" missed="1" covered="1"/><counter type="LINE" missed="0" covered="1"/><counter type="COMPLEXITY" missed="1" covered="1"/><counter type="METHOD" missed="0" covered="1"/></method><method name="execute" desc="(Lit/greenvulcano/gvesb/buffer/GVBuffer;)V" line="130"><counter type="INSTRUCTION" missed="11" covered="125"/><counter type="BRANCH" missed="4" covered="6"/><counter type="LINE" missed="1" covered="26"/><counter type="COMPLEXITY" missed="4" covered="2"/><counter type="METHOD" missed="0" covered="1"/></method><method name="isCritical" desc="()Z" line="175"><counter type="INSTRUCTION" missed="3" covered="0"/><counter type="LINE" missed="1" covered="0"/><counter type="COMPLEXITY" missed="1" covered="0"/><counter type="METHOD" missed="1" covered="0"/></method><method name="&lt;clinit&gt;" desc="()V" line="52"><counter type="INSTRUCTION" missed="0" covered="4"/><counter type="LINE" missed="0" covered="1"/><counter type="COMPLEXITY" missed="0" covered="1"/><counter type="METHOD" missed="0" covered="1"/></method><counter type="INSTRUCTION" missed="15" covered="177"/><counter type="BRANCH" missed="5" covered="7"/><counter type="LINE" missed="2" covered="35"/><counter type="COMPLEXITY" missed="6" covered="6"/><counter type="METHOD" missed="1" covered="5"/><counter type="CLASS" missed="0" covered="1"/></class><sourcefile name="GVDelete.java"><line nr="45" mi="0" ci="4" mb="0" cb="0"/><line nr="67" mi="0" ci="2" mb="0" cb="0"/><line nr="69" mi="0" ci="1" mb="0" cb="0"/><line nr="85" mi="0" ci="5" mb="0" cb="0"/><line nr="86" mi="0" ci="6" mb="0" cb="0"/><line nr="87" mi="0" ci="6" mb="0" cb="0"/><line nr="88" mi="0" ci="1" mb="0" cb="0"/><line nr="100" mi="0" ci="5" mb="1" cb="1"/><line nr="101" mi="17" ci="0" mb="2" cb="0"/><line nr="103" mi="1" ci="21" mb="1" cb="1"/><line nr="121" mi="0" ci="1" mb="0" cb="0"/><line nr="122" mi="0" ci="4" mb="0" cb="0"/><line nr="123" mi="0" ci="6" mb="0" cb="0"/><line nr="124" mi="0" ci="6" mb="0" cb="0"/><line nr="126" mi="0" ci="3" mb="0" cb="0"/><line nr="127" mi="0" ci="5" mb="1" cb="1"/><line nr="128" mi="13" ci="0" mb="0" cb="0"/><line nr="131" mi="0" ci="14" mb="0" cb="0"/><line nr="135" mi="4" ci="1" mb="0" cb="0"/><line nr="136" mi="0" ci="1" mb="0" cb="0"/><line nr="137" mi="0" ci="1" mb="0" cb="0"/><line nr="147" mi="3" ci="0" mb="0" cb="0"/><counter type="INSTRUCTION" missed="38" covered="93"/><counter type="BRANCH" missed="5" covered="3"/><counter type="LINE" missed="3" covered="19"/><counter type="COMPLEXITY" missed="5" covered="5"/><counter type="METHOD" missed="1" covered="5"/><counter type="CLASS" missed="0" covered="1"/></sourcefile><sourcefile name="GVMove.java"><line nr="46" mi="0" ci="4" mb="0" cb="0"/><line nr="73" mi="0" ci="2" mb="0" cb="0"/><line nr="75" mi="0" ci="1" mb="0" cb="0"/><line nr="91" mi="0" ci="5" mb="0" cb="0"/><line nr="92" mi="0" ci="5" mb="0" cb="0"/><line nr="93" mi="0" ci="6" mb="0" cb="0"/><line nr="94" mi="0" ci="6" mb="0" cb="0"/><line nr="95" mi="0" ci="1" mb="0" cb="0"/><line nr="107" mi="0" ci="5" mb="1" cb="1"/><line nr="108" mi="22" ci="0" mb="2" cb="0"/><line nr="110" mi="1" ci="26" mb="1" cb="1"/><line nr="129" mi="0" ci="1" mb="0" cb="0"/><line nr="130" mi="0" ci="4" mb="0" cb="0"/><line nr="131" mi="0" ci="6" mb="0" cb="0"/><line nr="132" mi="0" ci="6" mb="0" cb="0"/><line nr="133" mi="0" ci="6" mb="0" cb="0"/><line nr="135" mi="0" ci="4" mb="0" cb="0"/><line nr="136" mi="0" ci="5" mb="1" cb="1"/><line nr="137" mi="15" ci="0" mb="0" cb="0"/><line nr="140" mi="0" ci="18" mb="0" cb="0"/><line nr="145" mi="4" ci="1" mb="0" cb="0"/><line nr="146" mi="0" ci="1" mb="0" cb="0"/><line nr="147" mi="0" ci="1" mb="0" cb="0"/><line nr="157" mi="3" ci="0" mb="0" cb="0"/><counter type="INSTRUCTION" missed="45" covered="114"/><counter type="BRANCH" missed="5" covered="3"/><counter type="LINE" missed="3" covered="21"/><counter type="COMPLEXITY" missed="5" covered="5"/><counter type="METHOD" missed="1" covered="5"/><counter type="CLASS" missed="0" covered="1"/></sourcefile><sourcefile name="GVUnZip.java"><line nr="45" mi="0" ci="4" mb="0" cb="0"/><line nr="70" mi="0" ci="5" mb="0" cb="0"/><line nr="76" mi="0" ci="2" mb="0" cb="0"/><line nr="78" mi="0" ci="1" mb="0" cb="0"/><line nr="94" mi="0" ci="5" mb="0" cb="0"/><line nr="95" mi="0" ci="5" mb="0" cb="0"/><line nr="96" mi="0" ci="5" mb="0" cb="0"/><line nr="97" mi="0" ci="6" mb="0" cb="0"/><line nr="98" mi="0" ci="1" mb="0" cb="0"/><line nr="110" mi="1" ci="26" mb="1" cb="1"/><line nr="129" mi="0" ci="1" mb="0" cb="0"/><line nr="130" mi="0" ci="4" mb="0" cb="0"/><line nr="131" mi="0" ci="6" mb="0" cb="0"/><line nr="132" mi="0" ci="6" mb="0" cb="0"/><line nr="133" mi="0" ci="6" mb="0" cb="0"/><line nr="135" mi="0" ci="6" mb="0" cb="0"/><line nr="136" mi="0" ci="18" mb="0" cb="0"/><line nr="140" mi="4" ci="1" mb="0" cb="0"/><line nr="141" mi="0" ci="1" mb="0" cb="0"/><line nr="142" mi="0" ci="1" mb="0" cb="0"/><line nr="152" mi="3" ci="0" mb="0" cb="0"/><counter type="INSTRUCTION" missed="8" covered="110"/><counter type="BRANCH" missed="1" covered="1"/><counter type="LINE" missed="1" covered="20"/><counter type="COMPLEXITY" missed="2" covered="5"/><counter type="METHOD" missed="1" covered="5"/><counter type="CLASS" missed="0" covered="1"/></sourcefile><sourcefile name="GVZip.java"><line nr="45" mi="0" ci="4" mb="0" cb="0"/><line nr="76" mi="0" ci="5" mb="0" cb="0"/><line nr="82" mi="0" ci="2" mb="0" cb="0"/><line nr="84" mi="0" ci="1" mb="0" cb="0"/><line nr="100" mi="0" ci="5" mb="0" cb="0"/><line nr="101" mi="0" ci="5" mb="0" cb="0"/><line nr="102" mi="0" ci="5" mb="0" cb="0"/><line nr="103" mi="0" ci="5" mb="0" cb="0"/><line nr="104" mi="0" ci="6" mb="0" cb="0"/><line nr="105" mi="0" ci="1" mb="0" cb="0"/><line nr="117" mi="1" ci="31" mb="1" cb="1"/><line nr="136" mi="0" ci="1" mb="0" cb="0"/><line nr="137" mi="0" ci="4" mb="0" cb="0"/><line nr="138" mi="0" ci="6" mb="0" cb="0"/><line nr="139" mi="0" ci="6" mb="0" cb="0"/><line nr="140" mi="0" ci="6" mb="0" cb="0"/><line nr="141" mi="0" ci="6" mb="0" cb="0"/><line nr="143" mi="0" ci="7" mb="0" cb="0"/><line nr="144" mi="0" ci="22" mb="0" cb="0"/><line nr="148" mi="4" ci="1" mb="0" cb="0"/><line nr="149" mi="0" ci="1" mb="0" cb="0"/><line nr="150" mi="0" ci="1" mb="0" cb="0"/><line nr="160" mi="3" ci="0" mb="0" cb="0"/><counter type="INSTRUCTION" missed="8" covered="131"/><counter type="BRANCH" missed="1" covered="1"/><counter type="LINE" missed="1" covered="22"/><counter type="COMPLEXITY" missed="2" covered="5"/><counter type="METHOD" missed="1" covered="5"/><counter type="CLASS" missed="0" covered="1"/></sourcefile><sourcefile name="GVCopy.java"><line nr="45" mi="0" ci="4" mb="0" cb="0"/><line nr="72" mi="0" ci="2" mb="0" cb="0"/><line nr="74" mi="0" ci="1" mb="0" cb="0"/><line nr="90" mi="0" ci="5" mb="0" cb="0"/><line nr="91" mi="0" ci="5" mb="0" cb="0"/><line nr="92" mi="0" ci="6" mb="0" cb="0"/><line nr="93" mi="0" ci="6" mb="0" cb="0"/><line nr="94" mi="0" ci="1" mb="0" cb="0"/><line nr="106" mi="0" ci="5" mb="1" cb="1"/><line nr="107" mi="22" ci="0" mb="2" cb="0"/><line nr="109" mi="1" ci="26" mb="1" cb="1"/><line nr="128" mi="0" ci="1" mb="0" cb="0"/><line nr="129" mi="0" ci="4" mb="0" cb="0"/><line nr="130" mi="0" ci="6" mb="0" cb="0"/><line nr="131" mi="0" ci="6" mb="0" cb="0"/><line nr="132" mi="0" ci="6" mb="0" cb="0"/><line nr="134" mi="0" ci="4" mb="0" cb="0"/><line nr="135" mi="0" ci="5" mb="1" cb="1"/><line nr="136" mi="15" ci="0" mb="0" cb="0"/><line nr="139" mi="0" ci="18" mb="0" cb="0"/><line nr="144" mi="4" ci="1" mb="0" cb="0"/><line nr="145" mi="0" ci="1" mb="0" cb="0"/><line nr="146" mi="0" ci="1" mb="0" cb="0"/><line nr="156" mi="3" ci="0" mb="0" cb="0"/><counter type="INSTRUCTION" missed="45" covered="114"/><counter type="BRANCH" missed="5" covered="3"/><counter type="LINE" missed="3" covered="21"/><counter type="COMPLEXITY" missed="5" covered="5"/><counter type="METHOD" missed="1" covered="5"/><counter type="CLASS" missed="0" covered="1"/></sourcefile><sourcefile name="GVSearch.java"><line nr="52" mi="0" ci="4" mb="0" cb="0"/><line nr="78" mi="0" ci="2" mb="0" cb="0"/><line nr="80" mi="0" ci="1" mb="0" cb="0"/><line nr="96" mi="0" ci="5" mb="0" cb="0"/><line nr="97" mi="0" ci="6" mb="0" cb="0"/><line nr="98" mi="0" ci="6" mb="0" cb="0"/><line nr="99" mi="0" ci="6" mb="0" cb="0"/><line nr="100" mi="0" ci="1" mb="0" cb="0"/><line nr="112" mi="1" ci="21" mb="1" cb="1"/><line nr="130" mi="0" ci="1" mb="0" cb="0"/><line nr="131" mi="0" ci="4" mb="0" cb="0"/><line nr="132" mi="0" ci="6" mb="0" cb="0"/><line nr="133" mi="0" ci="6" mb="0" cb="0"/><line nr="135" mi="0" ci="4" mb="0" cb="0"/><line nr="136" mi="0" ci="3" mb="0" cb="0"/><line nr="138" mi="0" ci="11" mb="0" cb="0"/><line nr="140" mi="1" ci="5" mb="1" cb="1"/><line nr="141" mi="0" ci="2" mb="1" cb="1"/><line nr="142" mi="0" ci="4" mb="0" cb="0"/><line nr="143" mi="0" ci="5" mb="0" cb="0"/><line nr="144" mi="0" ci="4" mb="0" cb="0"/><line nr="145" mi="0" ci="6" mb="0" cb="0"/><line nr="146" mi="0" ci="10" mb="0" cb="2"/><line nr="147" mi="0" ci="3" mb="0" cb="0"/><line nr="148" mi="0" ci="3" mb="1" cb="1"/><line nr="149" mi="6" ci="0" mb="0" cb="0"/><line nr="151" mi="0" ci="6" mb="0" cb="0"/><line nr="152" mi="0" ci="1" mb="0" cb="0"/><line nr="153" mi="0" ci="4" mb="1" cb="1"/><line nr="154" mi="0" ci="7" mb="0" cb="0"/><line nr="156" mi="0" ci="18" mb="0" cb="0"/><line nr="158" mi="0" ci="4" mb="0" cb="0"/><line nr="159" mi="0" ci="5" mb="0" cb="0"/><line nr="163" mi="4" ci="1" mb="0" cb="0"/><line nr="164" mi="0" ci="1" mb="0" cb="0"/><line nr="165" mi="0" ci="1" mb="0" cb="0"/><line nr="175" mi="3" ci="0" mb="0" cb="0"/><counter type="INSTRUCTION" missed="15" covered="177"/><counter type="BRANCH" missed="5" covered="7"/><counter type="LINE" missed="2" covered="35"/><counter type="COMPLEXITY" missed="6" covered="6"/><counter type="METHOD" missed="1" covered="5"/><counter type="CLASS" missed="0" covered="1"/></sourcefile><counter type="INSTRUCTION" missed="159" covered="739"/><counter type="BRANCH" missed="22" covered="18"/><counter type="LINE" missed="13" covered="138"/><counter type="COMPLEXITY" missed="25" covered="31"/><counter type="METHOD" missed="6" covered="30"/><counter type="CLASS" missed="0" covered="6"/></package><package name="it/greenvulcano/gvesb/virtual/file/remote"><class name="it/greenvulcano/gvesb/virtual/file/remote/RemoteManagerCall"><method name="&lt;init&gt;" desc="()V" line="51"><counter type="INSTRUCTION" missed="0" covered="17"/><counter type="LINE" missed="0" covered="5"/><counter type="COMPLEXITY" missed="0" covered="1"/><counter type="METHOD" missed="0" covered="1"/></method><method name="init" desc="(Lorg/w3c/dom/Node;)V" line="91"><counter type="INSTRUCTION" missed="37" covered="90"/><counter type="BRANCH" missed="0" covered="2"/><counter type="LINE" missed="3" covered="15"/><counter type="COMPLEXITY" missed="0" covered="2"/><counter type="METHOD" missed="0" covered="1"/></method><method name="perform" desc="(Lit/greenvulcano/gvesb/buffer/GVBuffer;)Lit/greenvulcano/gvesb/buffer/GVBuffer;" line="127"><counter type="INSTRUCTION" missed="108" covered="34"/><counter type="BRANCH" missed="2" covered="2"/><counter type="LINE" missed="10" covered="8"/><counter type="COMPLEXITY" missed="1" covered="2"/><counter type="METHOD" missed="0" covered="1"/></method><method name="cleanUp" desc="()V" line="168"><counter type="INSTRUCTION" missed="1" covered="0"/><counter type="LINE" missed="1" covered="0"/><counter type="COMPLEXITY" missed="1" covered="0"/><counter type="METHOD" missed="1" covered="0"/></method><method name="destroy" desc="()V" line="179"><counter type="INSTRUCTION" missed="1" covered="0"/><counter type="LINE" missed="1" covered="0"/><counter type="COMPLEXITY" missed="1" covered="0"/><counter type="METHOD" missed="1" covered="0"/></method><method name="setKey" desc="(Lit/greenvulcano/gvesb/virtual/OperationKey;)V" line="192"><counter type="INSTRUCTION" missed="4" covered="0"/><counter type="LINE" missed="2" covered="0"/><counter type="COMPLEXITY" missed="1" covered="0"/><counter type="METHOD" missed="1" covered="0"/></method><method name="getKey" desc="()Lit/greenvulcano/gvesb/virtual/OperationKey;" line="206"><counter type="INSTRUCTION" missed="3" covered="0"/><counter type="LINE" missed="1" covered="0"/><counter type="COMPLEXITY" missed="1" covered="0"/><counter type="METHOD" missed="1" covered="0"/></method><method name="getServiceAlias" desc="(Lit/greenvulcano/gvesb/buffer/GVBuffer;)Ljava/lang/String;" line="222"><counter type="INSTRUCTION" missed="3" covered="0"/><counter type="LINE" missed="1" covered="0"/><counter type="COMPLEXITY" missed="1" covered="0"/><counter type="METHOD" missed="1" covered="0"/></method><method name="&lt;clinit&gt;" desc="()V" line="53"><counter type="INSTRUCTION" missed="0" covered="4"/><counter type="LINE" missed="0" covered="1"/><counter type="COMPLEXITY" missed="0" covered="1"/><counter type="METHOD" missed="0" covered="1"/></method><counter type="INSTRUCTION" missed="157" covered="145"/><counter type="BRANCH" missed="2" covered="4"/><counter type="LINE" missed="19" covered="29"/><counter type="COMPLEXITY" missed="6" covered="6"/><counter type="METHOD" missed="5" covered="4"/><counter type="CLASS" missed="0" covered="1"/></class><sourcefile name="RemoteManagerCall.java"><line nr="51" mi="0" ci="2" mb="0" cb="0"/><line nr="53" mi="0" ci="4" mb="0" cb="0"/><line nr="58" mi="0" ci="3" mb="0" cb="0"/><line nr="64" mi="0" ci="3" mb="0" cb="0"/><line nr="69" mi="0" ci="5" mb="0" cb="0"/><line nr="74" mi="0" ci="4" mb="0" cb="0"/><line nr="91" mi="0" ci="5" mb="0" cb="0"/><line nr="93" mi="0" ci="4" mb="0" cb="0"/><line nr="94" mi="0" ci="8" mb="0" cb="0"/><line nr="95" mi="0" ci="4" mb="0" cb="0"/><line nr="97" mi="0" ci="13" mb="0" cb="0"/><line nr="98" mi="0" ci="4" mb="0" cb="0"/><line nr="99" mi="0" ci="8" mb="0" cb="2"/><line nr="100" mi="0" ci="4" mb="0" cb="0"/><line nr="101" mi="0" ci="7" mb="0" cb="0"/><line nr="102" mi="0" ci="3" mb="0" cb="0"/><line nr="103" mi="0" ci="10" mb="0" cb="0"/><line nr="104" mi="0" ci="5" mb="0" cb="0"/><line nr="106" mi="0" ci="13" mb="0" cb="0"/><line nr="108" mi="1" ci="0" mb="0" cb="0"/><line nr="109" mi="14" ci="0" mb="0" cb="0"/><line nr="110" mi="22" ci="0" mb="0" cb="0"/><line nr="111" mi="0" ci="1" mb="0" cb="0"/><line nr="112" mi="0" ci="1" mb="0" cb="0"/><line nr="127" mi="0" ci="4" mb="0" cb="0"/><line nr="129" mi="0" ci="4" mb="0" cb="0"/><line nr="131" mi="0" ci="11" mb="0" cb="2"/><line nr="133" mi="0" ci="5" mb="0" cb="0"/><line nr="135" mi="1" ci="0" mb="0" cb="0"/><line nr="136" mi="3" ci="0" mb="2" cb="0"/><line nr="137" mi="14" ci="0" mb="0" cb="0"/><line nr="139" mi="2" ci="0" mb="0" cb="0"/><line nr="141" mi="1" ci="0" mb="0" cb="0"/><line nr="142" mi="0" ci="1" mb="0" cb="0"/><line nr="143" mi="0" ci="1" mb="0" cb="0"/><line nr="145" mi="0" ci="4" mb="0" cb="0"/><line nr="147" mi="1" ci="0" mb="0" cb="0"/><line nr="148" mi="14" ci="0" mb="0" cb="0"/><line nr="149" mi="30" ci="0" mb="0" cb="0"/><line nr="150" mi="29" ci="0" mb="0" cb="0"/><line nr="151" mi="6" ci="0" mb="0" cb="0"/><line nr="154" mi="7" ci="4" mb="0" cb="0"/><line nr="168" mi="1" ci="0" mb="0" cb="0"/><line nr="179" mi="1" ci="0" mb="0" cb="0"/><line nr="192" mi="3" ci="0" mb="0" cb="0"/><line nr="193" mi="1" ci="0" mb="0" cb="0"/><line nr="206" mi="3" ci="0" mb="0" cb="0"/><line nr="222" mi="3" ci="0" mb="0" cb="0"/><counter type="INSTRUCTION" missed="157" covered="145"/><counter type="BRANCH" missed="2" covered="4"/><counter type="LINE" missed="19" covered="29"/><counter type="COMPLEXITY" missed="6" covered="6"/><counter type="METHOD" missed="5" covered="4"/><counter type="CLASS" missed="0" covered="1"/></sourcefile><counter type="INSTRUCTION" missed="157" covered="145"/><counter type="BRANCH" missed="2" covered="4"/><counter type="LINE" missed="19" covered="29"/><counter type="COMPLEXITY" missed="6" covered="6"/><counter type="METHOD" missed="5" covered="4"/><counter type="CLASS" missed="0" covered="1"/></package><package name="it/greenvulcano/gvesb/virtual/file"><class name="it/greenvulcano/gvesb/virtual/file/FileManagerCall"><method name="&lt;init&gt;" desc="()V" line="49"><counter type="INSTRUCTION" missed="0" covered="14"/><counter type="LINE" missed="0" covered="4"/><counter type="COMPLEXITY" missed="0" covered="1"/><counter type="METHOD" missed="0" covered="1"/></method><method name="init" desc="(Lorg/w3c/dom/Node;)V" line="82"><counter type="INSTRUCTION" missed="37" covered="74"/><counter type="BRANCH" missed="0" covered="2"/><counter type="LINE" missed="3" covered="12"/><counter type="COMPLEXITY" missed="0" covered="2"/><counter type="METHOD" missed="0" covered="1"/></method><method name="perform" desc="(Lit/greenvulcano/gvesb/buffer/GVBuffer;)Lit/greenvulcano/gvesb/buffer/GVBuffer;" line="114"><counter type="INSTRUCTION" missed="101" covered="18"/><counter type="BRANCH" missed="2" covered="2"/><counter type="LINE" missed="10" covered="5"/><counter type="COMPLEXITY" missed="1" covered="2"/><counter type="METHOD" missed="0" covered="1"/></method><method name="cleanUp" desc="()V" line="146"><counter type="INSTRUCTION" missed="1" covered="0"/><counter type="LINE" missed="1" covered="0"/><counter type="COMPLEXITY" missed="1" covered="0"/><counter type="METHOD" missed="1" covered="0"/></method><method name="destroy" desc="()V" line="155"><counter type="INSTRUCTION" missed="4" covered="0"/><counter type="LINE" missed="2" covered="0"/><counter type="COMPLEXITY" missed="1" covered="0"/><counter type="METHOD" missed="1" covered="0"/></method><method name="setKey" desc="(Lit/greenvulcano/gvesb/virtual/OperationKey;)V" line="168"><counter type="INSTRUCTION" missed="4" covered="0"/><counter type="LINE" missed="2" covered="0"/><counter type="COMPLEXITY" missed="1" covered="0"/><counter type="METHOD" missed="1" covered="0"/></method><method name="getKey" desc="()Lit/greenvulcano/gvesb/virtual/OperationKey;" line="181"><counter type="INSTRUCTION" missed="3" covered="0"/><counter type="LINE" missed="1" covered="0"/><counter type="COMPLEXITY" missed="1" covered="0"/><counter type="METHOD" missed="1" covered="0"/></method><method name="getServiceAlias" desc="(Lit/greenvulcano/gvesb/buffer/GVBuffer;)Ljava/lang/String;" line="196"><counter type="INSTRUCTION" missed="3" covered="0"/><counter type="LINE" missed="1" covered="0"/><counter type="COMPLEXITY" missed="1" covered="0"/><counter type="METHOD" missed="1" covered="0"/></method><method name="&lt;clinit&gt;" desc="()V" line="51"><counter type="INSTRUCTION" missed="0" covered="4"/><counter type="LINE" missed="0" covered="1"/><counter type="COMPLEXITY" missed="0" covered="1"/><counter type="METHOD" missed="0" covered="1"/></method><counter type="INSTRUCTION" missed="153" covered="110"/><counter type="BRANCH" missed="2" covered="4"/><counter type="LINE" missed="20" covered="22"/><counter type="COMPLEXITY" missed="6" covered="6"/><counter type="METHOD" missed="5" covered="4"/><counter type="CLASS" missed="0" covered="1"/></class><class name="it/greenvulcano/gvesb/virtual/file/Activator"><method name="&lt;init&gt;" desc="()V" line="39"><counter type="INSTRUCTION" missed="3" covered="0"/><counter type="LINE" missed="1" covered="0"/><counter type="COMPLEXITY" missed="1" covered="0"/><counter type="METHOD" missed="1" covered="0"/></method><method name="start" desc="(Lorg/osgi/framework/BundleContext;)V" line="53"><counter type="INSTRUCTION" missed="19" covered="0"/><counter type="LINE" missed="7" covered="0"/><counter type="COMPLEXITY" missed="1" covered="0"/><counter type="METHOD" missed="1" covered="0"/></method><method name="stop" desc="(Lorg/osgi/framework/BundleContext;)V" line="72"><counter type="INSTRUCTION" missed="14" covered="0"/><counter type="LINE" missed="7" covered="0"/><counter type="COMPLEXITY" missed="1" covered="0"/><counter type="METHOD" missed="1" covered="0"/></method><method name="&lt;clinit&gt;" desc="()V" line="41"><counter type="INSTRUCTION" missed="4" covered="0"/><counter type="LINE" missed="1" covered="0"/><counter type="COMPLEXITY" missed="1" covered="0"/><counter type="METHOD" missed="1" covered="0"/></method><counter type="INSTRUCTION" missed="40" covered="0"/><counter type="LINE" missed="16" covered="0"/><counter type="COMPLEXITY" missed="4" covered="0"/><counter type="METHOD" missed="4" covered="0"/><counter type="CLASS" missed="1" covered="0"/></class><sourcefile name="Activator.java"><line nr="39" mi="3" ci="0" mb="0" cb="0"/><line nr="41" mi="4" ci="0" mb="0" cb="0"/><line nr="53" mi="3" ci="0" mb="0" cb="0"/><line nr="54" mi="3" ci="0" mb="0" cb="0"/><line nr="55" mi="3" ci="0" mb="0" cb="0"/><line nr="56" mi="3" ci="0" mb="0" cb="0"/><line nr="57" mi="3" ci="0" mb="0" cb="0"/><line nr="59" mi="3" ci="0" mb="0" cb="0"/><line nr="60" mi="1" ci="0" mb="0" cb="0"/><line nr="72" mi="2" ci="0" mb="0" cb="0"/><line nr="73" mi="2" ci="0" mb="0" cb="0"/><line nr="74" mi="2" ci="0" mb="0" cb="0"/><line nr="75" mi="2" ci="0" mb="0" cb="0"/><line nr="76" mi="2" ci="0" mb="0" cb="0"/><line nr="78" mi="3" ci="0" mb="0" cb="0"/><line nr="79" mi="1" ci="0" mb="0" cb="0"/><counter type="INSTRUCTION" missed="40" covered="0"/><counter type="LINE" missed="16" covered="0"/><counter type="COMPLEXITY" missed="4" covered="0"/><counter type="METHOD" missed="4" covered="0"/><counter type="CLASS" missed="1" covered="0"/></sourcefile><sourcefile name="FileManagerCall.java"><line nr="49" mi="0" ci="2" mb="0" cb="0"/><line nr="51" mi="0" ci="4" mb="0" cb="0"/><line nr="56" mi="0" ci="3" mb="0" cb="0"/><line nr="61" mi="0" ci="5" mb="0" cb="0"/><line nr="66" mi="0" ci="4" mb="0" cb="0"/><line nr="82" mi="0" ci="5" mb="0" cb="0"/><line nr="84" mi="0" ci="13" mb="0" cb="0"/><line nr="85" mi="0" ci="4" mb="0" cb="0"/><line nr="86" mi="0" ci="8" mb="0" cb="2"/><line nr="87" mi="0" ci="4" mb="0" cb="0"/><line nr="88" mi="0" ci="7" mb="0" cb="0"/><line nr="89" mi="0" ci="3" mb="0" cb="0"/><line nr="90" mi="0" ci="10" mb="0" cb="0"/><line nr="91" mi="0" ci="5" mb="0" cb="0"/><line nr="93" mi="0" ci="13" mb="0" cb="0"/><line nr="95" mi="1" ci="0" mb="0" cb="0"/><line nr="96" mi="14" ci="0" mb="0" cb="0"/><line nr="97" mi="22" ci="0" mb="0" cb="0"/><line nr="98" mi="0" ci="1" mb="0" cb="0"/><line nr="99" mi="0" ci="1" mb="0" cb="0"/><line nr="114" mi="0" ci="11" mb="0" cb="2"/><line nr="116" mi="0" ci="3" mb="0" cb="0"/><line nr="118" mi="1" ci="0" mb="0" cb="0"/><line nr="119" mi="3" ci="0" mb="2" cb="0"/><line nr="120" mi="14" ci="0" mb="0" cb="0"/><line nr="122" mi="2" ci="0" mb="0" cb="0"/><line nr="124" mi="1" ci="0" mb="0" cb="0"/><line nr="125" mi="0" ci="1" mb="0" cb="0"/><line nr="126" mi="0" ci="1" mb="0" cb="0"/><line nr="128" mi="0" ci="2" mb="0" cb="0"/><line nr="130" mi="1" ci="0" mb="0" cb="0"/><line nr="131" mi="14" ci="0" mb="0" cb="0"/><line nr="132" mi="30" ci="0" mb="0" cb="0"/><line nr="133" mi="29" ci="0" mb="0" cb="0"/><line nr="134" mi="6" ci="0" mb="0" cb="0"/><line nr="146" mi="1" ci="0" mb="0" cb="0"/><line nr="155" mi="3" ci="0" mb="0" cb="0"/><line nr="156" mi="1" ci="0" mb="0" cb="0"/><line nr="168" mi="3" ci="0" mb="0" cb="0"/><line nr="169" mi="1" ci="0" mb="0" cb="0"/><line nr="181" mi="3" ci="0" mb="0" cb="0"/><line nr="196" mi="3" ci="0" mb="0" cb="0"/><counter type="INSTRUCTION" missed="153" covered="110"/><counter type="BRANCH" missed="2" covered="4"/><counter type="LINE" missed="20" covered="22"/><counter type="COMPLEXITY" missed="6" covered="6"/><counter type="METHOD" missed="5" covered="4"/><counter type="CLASS" missed="0" covered="1"/></sourcefile><counter type="INSTRUCTION" missed="193" covered="110"/><counter type="BRANCH" missed="2" covered="4"/><counter type="LINE" missed="36" covered="22"/><counter type="COMPLEXITY" missed="10" covered="6"/><counter type="METHOD" missed="9" covered="4"/><counter type="CLASS" missed="1" covered="1"/></package><counter type="INSTRUCTION" missed="1728" covered="2137"/><counter type="BRANCH" missed="116" covered="82"/><counter type="LINE" missed="234" covered="422"/><counter type="COMPLEXITY" missed="138" covered="78"/><counter type="METHOD" missed="50" covered="67"/><counter type="CLASS" missed="3" covered="14"/></report>